<?xml version="1.0" encoding="UTF-8"?>
<!-- Generated by org.testng.reporters.JUnitReportReporter -->
<testsuite skipped="0" hostname="hp" name="Test.JenkinClass" tests="1" failures="0" timestamp="2020-08-22T13:42:28 IST" time="63.320" errors="0">
  <testcase name="ExceptionMethod" time="63.320" classname="Test.JenkinClass"/>
  <system-out/>
</testsuite> <!-- Test.JenkinClass -->
