<?xml version="1.0" encoding="UTF-8"?>
<!-- Generated by org.testng.reporters.JUnitReportReporter -->
<testsuite skipped="0" hostname="hp" name="Test.JenkinClass" tests="1" failures="0" timestamp="2020-08-22T13:26:43 IST" time="63.524" errors="0">
  <testcase name="wbtbl" time="63.524" classname="Test.JenkinClass"/>
  <system-out/>
</testsuite> <!-- Test.JenkinClass -->
