<?xml version="1.0" encoding="UTF-8"?>
<!-- Generated by org.testng.reporters.JUnitReportReporter -->
<testsuite skipped="0" hostname="hp" name="Gitpac.GitClass" tests="1" failures="0" timestamp="2020-08-22T12:56:37 IST" time="36.152" errors="0">
  <testcase name="method" time="36.152" classname="Gitpac.GitClass"/>
  <system-out/>
</testsuite> <!-- Gitpac.GitClass -->
